<?xml version="1.0" encoding="UTF-8"?><testsuite errors="0" failures="1" name="REST API tests" skipped="0" tests="3" time="8.51" timestamp="2020-02-43 02:55:49"><testcase name="Get all the employee details for ABN AMRO TestApp"/><testcase name="Verify Single Employee Details"><failure message="1 expectation failed.&#10;Expected status code &lt;200&gt; but was &lt;405&gt;.&#10;" type="java.lang.AssertionError">1 expectation failed.
Expected status code &lt;200&gt; but was &lt;405&gt;.
</failure><system-err>1 expectation failed.
Expected status code &lt;200&gt; but was &lt;405&gt;.
&#13;
io.restassured.internal.ResponseSpecificationImpl.validateResponseIfRequired(ResponseSpecificationImpl.groovy:636)&#13;
io.restassured.internal.ResponseSpecificationImpl.statusCode(ResponseSpecificationImpl.groovy:122)&#13;
io.restassured.internal.ResponseSpecificationImpl.statusCode(ResponseSpecificationImpl.groovy:130)&#13;
io.restassured.internal.ValidatableResponseOptionsImpl.statusCode(ValidatableResponseOptionsImpl.java:117)&#13;
com.testapp.cucumber.steps.ApiTestSteps.i_shall_get_the_correct_details(ApiTestSteps.java:67)&#13;
✽.Then I shall get the correct details(api.feature:9)&#13;
</system-err></testcase><testcase name="Verify Post Failure on a non-existing record"/></testsuite>