<?xml version="1.0" encoding="UTF-8"?>
<testsuite name="com.testapp.cucumber.TestAppRunner" time="5.961" tests="25" errors="0" skipped="0" failures="2">
  <properties>
[...]
</properties>
  <testcase name="When I Get Employee Details for ABN AMRO" classname="Scenario: Get all the employee details for ABN AMRO TestApp" time="0.001"/>
  <testcase name="Then I shall get Status Code of 200" classname="Scenario: Get all the employee details for ABN AMRO TestApp" time="0"/>
  <testcase name="Scenario: Get all the employee details for ABN AMRO TestApp" classname="Scenario: Get all the employee details for ABN AMRO TestApp" time="2.896"/>
  <testcase name="When I get Employee details for a particular Employee" classname="Scenario: Verify Single Employee Details" time="0"/>
  <testcase name="Then I shall get the correct details" classname="Scenario: Verify Single Employee Details" time="0.009">
    <failure message="1 expectation failed.&#10;Expected status code &lt;200&gt; but was &lt;405&gt;.&#10;" type="java.lang.AssertionError"><![CDATA[java.lang.AssertionError: 1 expectation failed.
Expected status code <200> but was <405>.

	at sun.reflect.NativeConstructorAccessorImpl.newInstance0(Native Method)
	at sun.reflect.NativeConstructorAccessorImpl.newInstance(NativeConstructorAccessorImpl.java:62)
	at sun.reflect.DelegatingConstructorAccessorImpl.newInstance(DelegatingConstructorAccessorImpl.java:45)
	at java.lang.reflect.Constructor.newInstance(Constructor.java:423)
	at org.codehaus.groovy.reflection.CachedConstructor.invoke(CachedConstructor.java:83)
	at org.codehaus.groovy.reflection.CachedConstructor.doConstructorInvoke(CachedConstructor.java:77)
	at org.codehaus.groovy.runtime.callsite.ConstructorSite$ConstructorSiteNoUnwrap.callConstructor(ConstructorSite.java:84)
	at org.codehaus.groovy.runtime.callsite.CallSiteArray.defaultCallConstructor(CallSiteArray.java:60)
	at org.codehaus.groovy.runtime.callsite.AbstractCallSite.callConstructor(AbstractCallSite.java:235)
	at org.codehaus.groovy.runtime.callsite.AbstractCallSite.callConstructor(AbstractCallSite.java:247)
	at io.restassured.internal.ResponseSpecificationImpl$HamcrestAssertionClosure.validate(ResponseSpecificationImpl.groovy:471)
	at io.restassured.internal.ResponseSpecificationImpl$HamcrestAssertionClosure$validate$1.call(Unknown Source)
	at io.restassured.internal.ResponseSpecificationImpl.validateResponseIfRequired(ResponseSpecificationImpl.groovy:636)
	at sun.reflect.NativeMethodAccessorImpl.invoke0(Native Method)
	at sun.reflect.NativeMethodAccessorImpl.invoke(NativeMethodAccessorImpl.java:62)
	at sun.reflect.DelegatingMethodAccessorImpl.invoke(DelegatingMethodAccessorImpl.java:43)
	at java.lang.reflect.Method.invoke(Method.java:498)
	at org.codehaus.groovy.runtime.callsite.PogoMetaMethodSite$PogoCachedMethodSiteNoUnwrapNoCoerce.invoke(PogoMetaMethodSite.java:210)
	at org.codehaus.groovy.runtime.callsite.PogoMetaMethodSite.callCurrent(PogoMetaMethodSite.java:59)
	at org.codehaus.groovy.runtime.callsite.AbstractCallSite.callCurrent(AbstractCallSite.java:166)
	at io.restassured.internal.ResponseSpecificationImpl.statusCode(ResponseSpecificationImpl.groovy:122)
	at io.restassured.specification.ResponseSpecification$statusCode$0.callCurrent(Unknown Source)
	at io.restassured.internal.ResponseSpecificationImpl.statusCode(ResponseSpecificationImpl.groovy:130)
	at io.restassured.internal.ValidatableResponseOptionsImpl.statusCode(ValidatableResponseOptionsImpl.java:117)
	at com.testapp.cucumber.steps.ApiTestSteps.i_shall_get_the_correct_details(ApiTestSteps.java:67)
	at ✽.Then I shall get the correct details(api.feature:9)
]]></failure>
    <system-out><![CDATA[Inside function I shall get the correct details
]]></system-out>
  </testcase>
  <testcase name="Scenario: Verify Single Employee Details" classname="Scenario: Verify Single Employee Details" time="0.009">
    <failure message="1 expectation failed.&#10;Expected status code &lt;200&gt; but was &lt;405&gt;.&#10;" type="java.lang.AssertionError"><![CDATA[java.lang.AssertionError: 1 expectation failed.
Expected status code <200> but was <405>.

	at sun.reflect.NativeConstructorAccessorImpl.newInstance0(Native Method)
	at sun.reflect.NativeConstructorAccessorImpl.newInstance(NativeConstructorAccessorImpl.java:62)
	at sun.reflect.DelegatingConstructorAccessorImpl.newInstance(DelegatingConstructorAccessorImpl.java:45)
	at java.lang.reflect.Constructor.newInstance(Constructor.java:423)
	at org.codehaus.groovy.reflection.CachedConstructor.invoke(CachedConstructor.java:83)
	at org.codehaus.groovy.reflection.CachedConstructor.doConstructorInvoke(CachedConstructor.java:77)
	at org.codehaus.groovy.runtime.callsite.ConstructorSite$ConstructorSiteNoUnwrap.callConstructor(ConstructorSite.java:84)
	at org.codehaus.groovy.runtime.callsite.CallSiteArray.defaultCallConstructor(CallSiteArray.java:60)
	at org.codehaus.groovy.runtime.callsite.AbstractCallSite.callConstructor(AbstractCallSite.java:235)
	at org.codehaus.groovy.runtime.callsite.AbstractCallSite.callConstructor(AbstractCallSite.java:247)
	at io.restassured.internal.ResponseSpecificationImpl$HamcrestAssertionClosure.validate(ResponseSpecificationImpl.groovy:471)
	at io.restassured.internal.ResponseSpecificationImpl$HamcrestAssertionClosure$validate$1.call(Unknown Source)
	at io.restassured.internal.ResponseSpecificationImpl.validateResponseIfRequired(ResponseSpecificationImpl.groovy:636)
	at sun.reflect.NativeMethodAccessorImpl.invoke0(Native Method)
	at sun.reflect.NativeMethodAccessorImpl.invoke(NativeMethodAccessorImpl.java:62)
	at sun.reflect.DelegatingMethodAccessorImpl.invoke(DelegatingMethodAccessorImpl.java:43)
	at java.lang.reflect.Method.invoke(Method.java:498)
	at org.codehaus.groovy.runtime.callsite.PogoMetaMethodSite$PogoCachedMethodSiteNoUnwrapNoCoerce.invoke(PogoMetaMethodSite.java:210)
	at org.codehaus.groovy.runtime.callsite.PogoMetaMethodSite.callCurrent(PogoMetaMethodSite.java:59)
	at org.codehaus.groovy.runtime.callsite.AbstractCallSite.callCurrent(AbstractCallSite.java:166)
	at io.restassured.internal.ResponseSpecificationImpl.statusCode(ResponseSpecificationImpl.groovy:122)
	at io.restassured.specification.ResponseSpecification$statusCode$0.callCurrent(Unknown Source)
	at io.restassured.internal.ResponseSpecificationImpl.statusCode(ResponseSpecificationImpl.groovy:130)
	at io.restassured.internal.ValidatableResponseOptionsImpl.statusCode(ValidatableResponseOptionsImpl.java:117)
	at com.testapp.cucumber.steps.ApiTestSteps.i_shall_get_the_correct_details(ApiTestSteps.java:67)
	at ✽.Then I shall get the correct details(api.feature:9)
]]></failure>
  </testcase>
  <testcase name="When I Call post method on a non existing URL" classname="Scenario: Verify Post Failure on a non-existing record" time="0"/>
  <testcase name="Then I shall get Expected HTTP response" classname="Scenario: Verify Post Failure on a non-existing record" time="0"/>
  <testcase name="Scenario: Verify Post Failure on a non-existing record" classname="Scenario: Verify Post Failure on a non-existing record" time="0.125"/>
  <testcase name="Given I visit herokuapp" classname="Scenario: Login with valid credentials" time="0"/>
  <testcase name="And I click on Basic Auth" classname="Scenario: Login with valid credentials" time="0"/>
  <testcase name="When I login with valid username &quot;admin&quot; password &quot;admin&quot;" classname="Scenario: Login with valid credentials" time="0"/>
  <testcase name="Then I shall get logged in" classname="Scenario: Login with valid credentials" time="0"/>
  <testcase name="Scenario: Login with valid credentials" classname="Scenario: Login with valid credentials" time="0.695"/>
  <testcase name="Given I am on herokuapp disappearing elements page" classname="Scenario: Clicking Home page on disappearing elements link" time="0"/>
  <testcase name="When I click on Home link" classname="Scenario: Clicking Home page on disappearing elements link" time="0"/>
  <testcase name="Then I shall be redirected to herokuapp home page" classname="Scenario: Clicking Home page on disappearing elements link" time="0"/>
  <testcase name="Scenario: Clicking Home page on disappearing elements link" classname="Scenario: Clicking Home page on disappearing elements link" time="0.798"/>
  <testcase name="Given I am on herokuapp dropdwon page" classname="Scenario: Selecting drop downs on herokuapp" time="0"/>
  <testcase name="Then I shall be able to click and select the specified dropdown values" classname="Scenario: Selecting drop downs on herokuapp" time="0"/>
  <testcase name="Scenario: Selecting drop downs on herokuapp" classname="Scenario: Selecting drop downs on herokuapp" time="0.743"/>
  <testcase name="Given I am on herokuapp iFrame page" classname="Scenario: Writing in the iFrame" time="0.004"/>
  <testcase name="When I open new file in the frame" classname="Scenario: Writing in the iFrame" time="0"/>
  <testcase name="Then I shall be able to write text in it" classname="Scenario: Writing in the iFrame" time="0"/>
  <testcase name="Scenario: Writing in the iFrame" classname="Scenario: Writing in the iFrame" time="0.681"/>
</testsuite>